


ARM Macro Assembler    Page 1 


    1 00000000         ;******************** (C) COPYRIGHT 2009 STMicroelectron
                       ics ********************
    2 00000000         ;* File Name          : startup_stm32f10x_hd.s
    3 00000000         ;* Author             : MCD Application Team
    4 00000000         ;* Version            : V3.1.2
    5 00000000         ;* Date               : 09/28/2009
    6 00000000         ;* Description        : STM32F10x High Density Devices v
                       ector table for RVMDK 
    7 00000000         ;*                      toolchain. 
    8 00000000         ;*                      This module performs:
    9 00000000         ;*                      - Set the initial SP
   10 00000000         ;*                      - Set the initial PC == Reset_Ha
                       ndler
   11 00000000         ;*                      - Set the vector table entries w
                       ith the exceptions ISR address
   12 00000000         ;*                      - Configure external SRAM mounte
                       d on STM3210E-EVAL board
   13 00000000         ;*                        to be used as data memory (opt
                       ional, to be enabled by user)
   14 00000000         ;*                      - Branches to __main in the C li
                       brary (which eventually
   15 00000000         ;*                        calls main()).
   16 00000000         ;*                      After Reset the CortexM3 process
                       or is in Thread mode,
   17 00000000         ;*                      priority is Privileged, and the 
                       Stack is set to Main.
   18 00000000         ;* <<< Use Configuration Wizard in Context Menu >>>   
   19 00000000         ;*******************************************************
                       ************************
   20 00000000         ; THE PRESENT FIRMWARE WHICH IS FOR GUIDANCE ONLY AIMS A
                       T PROVIDING CUSTOMERS
   21 00000000         ; WITH CODING INFORMATION REGARDING THEIR PRODUCTS IN OR
                       DER FOR THEM TO SAVE TIME.
   22 00000000         ; AS A RESULT, STMICROELECTRONICS SHALL NOT BE HELD LIAB
                       LE FOR ANY DIRECT,
   23 00000000         ; INDIRECT OR CONSEQUENTIAL DAMAGES WITH RESPECT TO ANY 
                       CLAIMS ARISING FROM THE
   24 00000000         ; CONTENT OF SUCH FIRMWARE AND/OR THE USE MADE BY CUSTOM
                       ERS OF THE CODING
   25 00000000         ; INFORMATION CONTAINED HEREIN IN CONNECTION WITH THEIR 
                       PRODUCTS.
   26 00000000         ;*******************************************************
                       ************************
   27 00000000         
   28 00000000         ; Amount of memory (in bytes) allocated for Stack
   29 00000000         ; Tailor this value to your application needs
   30 00000000         ; <h> Stack Configuration
   31 00000000         ;   <o> Stack Size (in Bytes) <0x0-0xFFFFFFFF:8>
   32 00000000         ; </h>
   33 00000000         
   34 00000000 00001000 
                       Stack_Size
                               EQU              0x00001000
   35 00000000         
   36 00000000                 AREA             STACK, NOINIT, READWRITE, ALIGN
=3
   37 00000000         Stack_Mem
                               SPACE            Stack_Size
   38 00001000         __initial_sp



ARM Macro Assembler    Page 2 


   39 00001000         
   40 00001000 20000400 
                       __initial_spTop
                               EQU              0x20000400  ; stack used for Sy
                                                            stemInit_ExtMemCtl
   41 00001000         ; always internal RAM used 
   42 00001000         
   43 00001000         ; <h> Heap Configuration
   44 00001000         ;   <o>  Heap Size (in Bytes) <0x0-0xFFFFFFFF:8>
   45 00001000         ; </h>
   46 00001000         
   47 00001000 00000600 
                       Heap_Size
                               EQU              0x00000600
   48 00001000         
   49 00001000                 AREA             HEAP, NOINIT, READWRITE, ALIGN=
3
   50 00000000         __heap_base
   51 00000000         
   52 00000000         Heap_Mem
                               SPACE            Heap_Size
   53 00000600         __heap_limit
   54 00000600         
   55 00000600                 PRESERVE8
   56 00000600                 THUMB
   57 00000600         
   58 00000600         
   59 00000600         ; Vector Table Mapped to Address 0 at Reset
   60 00000600                 AREA             RESET, DATA, READONLY
   61 00000000                 EXPORT           __Vectors
   62 00000000                 EXPORT           __Vectors_End
   63 00000000                 EXPORT           __Vectors_Size
   64 00000000         
   65 00000000 20000400 
                       __Vectors
                               DCD              __initial_spTop ; Top of Stack
   66 00000004 00000000        DCD              Reset_Handler ; Reset Handler
   67 00000008 00000000        DCD              NMI_Handler ; NMI Handler
   68 0000000C 00000000        DCD              HardFault_Handler ; Hard Fault 
                                                            Handler
   69 00000010 00000000        DCD              MemManage_Handler 
                                                            ; MPU Fault Handler
                                                            
   70 00000014 00000000        DCD              BusFault_Handler 
                                                            ; Bus Fault Handler
                                                            
   71 00000018 00000000        DCD              UsageFault_Handler ; Usage Faul
                                                            t Handler
   72 0000001C 00000000        DCD              0           ; Reserved
   73 00000020 00000000        DCD              0           ; Reserved
   74 00000024 00000000        DCD              0           ; Reserved
   75 00000028 00000000        DCD              0           ; Reserved 
   76 0000002C 00000000        DCD              SVC_Handler ; SVCall Handler
   77 00000030 00000000        DCD              DebugMon_Handler ; Debug Monito
                                                            r Handler
   78 00000034 00000000        DCD              0           ; Reserved
   79 00000038 00000000        DCD              PendSV_Handler ; PendSV Handler
                                                            
   80 0000003C 00000000        DCD              SysTick_Handler 



ARM Macro Assembler    Page 3 


                                                            ; SysTick Handler
   81 00000040         
   82 00000040         ; External Interrupts
   83 00000040 00000000        DCD              WWDG_IRQHandler 
                                                            ; Window Watchdog
   84 00000044 00000000        DCD              PVD_IRQHandler ; PVD through EX
                                                            TI Line detect
   85 00000048 00000000        DCD              TAMPER_IRQHandler ; Tamper
   86 0000004C 00000000        DCD              RTC_IRQHandler ; RTC
   87 00000050 00000000        DCD              FLASH_IRQHandler ; Flash
   88 00000054 00000000        DCD              RCC_IRQHandler ; RCC
   89 00000058 00000000        DCD              EXTI0_IRQHandler ; EXTI Line 0
   90 0000005C 00000000        DCD              EXTI1_IRQHandler ; EXTI Line 1
   91 00000060 00000000        DCD              EXTI2_IRQHandler ; EXTI Line 2
   92 00000064 00000000        DCD              EXTI3_IRQHandler ; EXTI Line 3
   93 00000068 00000000        DCD              EXTI4_IRQHandler ; EXTI Line 4
   94 0000006C 00000000        DCD              DMA1_Channel1_IRQHandler 
                                                            ; DMA1 Channel 1
   95 00000070 00000000        DCD              DMA1_Channel2_IRQHandler 
                                                            ; DMA1 Channel 2
   96 00000074 00000000        DCD              DMA1_Channel3_IRQHandler 
                                                            ; DMA1 Channel 3
   97 00000078 00000000        DCD              DMA1_Channel4_IRQHandler 
                                                            ; DMA1 Channel 4
   98 0000007C 00000000        DCD              DMA1_Channel5_IRQHandler 
                                                            ; DMA1 Channel 5
   99 00000080 00000000        DCD              DMA1_Channel6_IRQHandler 
                                                            ; DMA1 Channel 6
  100 00000084 00000000        DCD              DMA1_Channel7_IRQHandler 
                                                            ; DMA1 Channel 7
  101 00000088 00000000        DCD              ADC1_2_IRQHandler ; ADC1 & ADC2
                                                            
  102 0000008C 00000000        DCD              USB_HP_CAN1_TX_IRQHandler ; USB
                                                             High Priority or C
                                                            AN1 TX
  103 00000090 00000000        DCD              USB_LP_CAN1_RX0_IRQHandler ; US
                                                            B Low  Priority or 
                                                            CAN1 RX0
  104 00000094 00000000        DCD              CAN1_RX1_IRQHandler ; CAN1 RX1
  105 00000098 00000000        DCD              CAN1_SCE_IRQHandler ; CAN1 SCE
  106 0000009C 00000000        DCD              EXTI9_5_IRQHandler 
                                                            ; EXTI Line 9..5
  107 000000A0 00000000        DCD              TIM1_BRK_IRQHandler 
                                                            ; TIM1 Break
  108 000000A4 00000000        DCD              TIM1_UP_IRQHandler 
                                                            ; TIM1 Update
  109 000000A8 00000000        DCD              TIM1_TRG_COM_IRQHandler ; TIM1 
                                                            Trigger and Commuta
                                                            tion
  110 000000AC 00000000        DCD              TIM1_CC_IRQHandler ; TIM1 Captu
                                                            re Compare
  111 000000B0 00000000        DCD              TIM2_IRQHandler ; TIM2
  112 000000B4 00000000        DCD              TIM3_IRQHandler ; TIM3
  113 000000B8 00000000        DCD              TIM4_IRQHandler ; TIM4
  114 000000BC 00000000        DCD              I2C1_EV_IRQHandler ; I2C1 Event
                                                            
  115 000000C0 00000000        DCD              I2C1_ER_IRQHandler ; I2C1 Error
                                                            
  116 000000C4 00000000        DCD              I2C2_EV_IRQHandler ; I2C2 Event



ARM Macro Assembler    Page 4 


                                                            
  117 000000C8 00000000        DCD              I2C2_ER_IRQHandler ; I2C2 Error
                                                            
  118 000000CC 00000000        DCD              SPI1_IRQHandler ; SPI1
  119 000000D0 00000000        DCD              SPI2_IRQHandler ; SPI2
  120 000000D4 00000000        DCD              USART1_IRQHandler ; USART1
  121 000000D8 00000000        DCD              USART2_IRQHandler ; USART2
  122 000000DC 00000000        DCD              USART3_IRQHandler ; USART3
  123 000000E0 00000000        DCD              EXTI15_10_IRQHandler 
                                                            ; EXTI Line 15..10
  124 000000E4 00000000        DCD              RTCAlarm_IRQHandler ; RTC Alarm
                                                             through EXTI Line
  125 000000E8 00000000        DCD              USBWakeUp_IRQHandler ; USB Wake
                                                            up from suspend
  126 000000EC 00000000        DCD              TIM8_BRK_IRQHandler 
                                                            ; TIM8 Break
  127 000000F0 00000000        DCD              TIM8_UP_IRQHandler 
                                                            ; TIM8 Update
  128 000000F4 00000000        DCD              TIM8_TRG_COM_IRQHandler ; TIM8 
                                                            Trigger and Commuta
                                                            tion
  129 000000F8 00000000        DCD              TIM8_CC_IRQHandler ; TIM8 Captu
                                                            re Compare
  130 000000FC 00000000        DCD              ADC3_IRQHandler ; ADC3
  131 00000100 00000000        DCD              FSMC_IRQHandler ; FSMC
  132 00000104 00000000        DCD              SDIO_IRQHandler ; SDIO
  133 00000108 00000000        DCD              TIM5_IRQHandler ; TIM5
  134 0000010C 00000000        DCD              SPI3_IRQHandler ; SPI3
  135 00000110 00000000        DCD              UART4_IRQHandler ; UART4
  136 00000114 00000000        DCD              UART5_IRQHandler ; UART5
  137 00000118 00000000        DCD              TIM6_IRQHandler ; TIM6
  138 0000011C 00000000        DCD              TIM7_IRQHandler ; TIM7
  139 00000120 00000000        DCD              DMA2_Channel1_IRQHandler 
                                                            ; DMA2 Channel1
  140 00000124 00000000        DCD              DMA2_Channel2_IRQHandler 
                                                            ; DMA2 Channel2
  141 00000128 00000000        DCD              DMA2_Channel3_IRQHandler 
                                                            ; DMA2 Channel3
  142 0000012C 00000000        DCD              DMA2_Channel4_5_IRQHandler ; DM
                                                            A2 Channel4 & Chann
                                                            el5
  143 00000130         __Vectors_End
  144 00000130         
  145 00000130 00000130 
                       __Vectors_Size
                               EQU              __Vectors_End - __Vectors
  146 00000130         
  147 00000130                 AREA             |.text|, CODE, READONLY
  148 00000000         
  149 00000000         ; Dummy SystemInit_ExtMemCtl function                
  150 00000000         SystemInit_ExtMemCtl
                               PROC
  151 00000000                 EXPORT           SystemInit_ExtMemCtl      [WEAK
]
  152 00000000 4770            BX               LR
  153 00000002                 ENDP
  154 00000002         
  155 00000002         ; Reset handler routine
  156 00000002         Reset_Handler



ARM Macro Assembler    Page 5 


                               PROC
  157 00000002                 EXPORT           Reset_Handler             [WEAK
]
  158 00000002                 IMPORT           __main
  159 00000002         
  160 00000002 480B            LDR              R0, = SystemInit_ExtMemCtl ; in
                                                            itialize external m
                                                            emory controller
  161 00000004 4780            BLX              R0
  162 00000006         
  163 00000006 490B            LDR              R1, = __initial_sp ; restore or
                                                            iginal stack pointe
                                                            r
  164 00000008 F381 8808       MSR              MSP, R1
  165 0000000C         
  166 0000000C 480A            LDR              R0, =__main
  167 0000000E 4700            BX               R0
  168 00000010                 ENDP
  169 00000010         
  170 00000010         ; Dummy Exception Handlers (infinite loops which can be 
                       modified)
  171 00000010         
  172 00000010         NMI_Handler
                               PROC
  173 00000010                 EXPORT           NMI_Handler                [WEA
K]
  174 00000010 E7FE            B                .
  175 00000012                 ENDP
  177 00000012         HardFault_Handler
                               PROC
  178 00000012                 EXPORT           HardFault_Handler          [WEA
K]
  179 00000012 E7FE            B                .
  180 00000014                 ENDP
  182 00000014         MemManage_Handler
                               PROC
  183 00000014                 EXPORT           MemManage_Handler          [WEA
K]
  184 00000014 E7FE            B                .
  185 00000016                 ENDP
  187 00000016         BusFault_Handler
                               PROC
  188 00000016                 EXPORT           BusFault_Handler           [WEA
K]
  189 00000016 E7FE            B                .
  190 00000018                 ENDP
  192 00000018         UsageFault_Handler
                               PROC
  193 00000018                 EXPORT           UsageFault_Handler         [WEA
K]
  194 00000018 E7FE            B                .
  195 0000001A                 ENDP
  196 0000001A         SVC_Handler
                               PROC
  197 0000001A                 EXPORT           SVC_Handler                [WEA
K]
  198 0000001A E7FE            B                .
  199 0000001C                 ENDP
  201 0000001C         DebugMon_Handler



ARM Macro Assembler    Page 6 


                               PROC
  202 0000001C                 EXPORT           DebugMon_Handler           [WEA
K]
  203 0000001C E7FE            B                .
  204 0000001E                 ENDP
  205 0000001E         PendSV_Handler
                               PROC
  206 0000001E                 EXPORT           PendSV_Handler             [WEA
K]
  207 0000001E E7FE            B                .
  208 00000020                 ENDP
  209 00000020         SysTick_Handler
                               PROC
  210 00000020                 EXPORT           SysTick_Handler            [WEA
K]
  211 00000020 E7FE            B                .
  212 00000022                 ENDP
  213 00000022         
  214 00000022         Default_Handler
                               PROC
  215 00000022         
  216 00000022                 EXPORT           WWDG_IRQHandler            [WEA
K]
  217 00000022                 EXPORT           PVD_IRQHandler             [WEA
K]
  218 00000022                 EXPORT           TAMPER_IRQHandler          [WEA
K]
  219 00000022                 EXPORT           RTC_IRQHandler             [WEA
K]
  220 00000022                 EXPORT           FLASH_IRQHandler           [WEA
K]
  221 00000022                 EXPORT           RCC_IRQHandler             [WEA
K]
  222 00000022                 EXPORT           EXTI0_IRQHandler           [WEA
K]
  223 00000022                 EXPORT           EXTI1_IRQHandler           [WEA
K]
  224 00000022                 EXPORT           EXTI2_IRQHandler           [WEA
K]
  225 00000022                 EXPORT           EXTI3_IRQHandler           [WEA
K]
  226 00000022                 EXPORT           EXTI4_IRQHandler           [WEA
K]
  227 00000022                 EXPORT           DMA1_Channel1_IRQHandler   [WEA
K]
  228 00000022                 EXPORT           DMA1_Channel2_IRQHandler   [WEA
K]
  229 00000022                 EXPORT           DMA1_Channel3_IRQHandler   [WEA
K]
  230 00000022                 EXPORT           DMA1_Channel4_IRQHandler   [WEA
K]
  231 00000022                 EXPORT           DMA1_Channel5_IRQHandler   [WEA
K]
  232 00000022                 EXPORT           DMA1_Channel6_IRQHandler   [WEA
K]
  233 00000022                 EXPORT           DMA1_Channel7_IRQHandler   [WEA
K]
  234 00000022                 EXPORT           ADC1_2_IRQHandler          [WEA
K]



ARM Macro Assembler    Page 7 


  235 00000022                 EXPORT           USB_HP_CAN1_TX_IRQHandler  [WEA
K]
  236 00000022                 EXPORT           USB_LP_CAN1_RX0_IRQHandler [WEA
K]
  237 00000022                 EXPORT           CAN1_RX1_IRQHandler        [WEA
K]
  238 00000022                 EXPORT           CAN1_SCE_IRQHandler        [WEA
K]
  239 00000022                 EXPORT           EXTI9_5_IRQHandler         [WEA
K]
  240 00000022                 EXPORT           TIM1_BRK_IRQHandler        [WEA
K]
  241 00000022                 EXPORT           TIM1_UP_IRQHandler         [WEA
K]
  242 00000022                 EXPORT           TIM1_TRG_COM_IRQHandler    [WEA
K]
  243 00000022                 EXPORT           TIM1_CC_IRQHandler         [WEA
K]
  244 00000022                 EXPORT           TIM2_IRQHandler            [WEA
K]
  245 00000022                 EXPORT           TIM3_IRQHandler            [WEA
K]
  246 00000022                 EXPORT           TIM4_IRQHandler            [WEA
K]
  247 00000022                 EXPORT           I2C1_EV_IRQHandler         [WEA
K]
  248 00000022                 EXPORT           I2C1_ER_IRQHandler         [WEA
K]
  249 00000022                 EXPORT           I2C2_EV_IRQHandler         [WEA
K]
  250 00000022                 EXPORT           I2C2_ER_IRQHandler         [WEA
K]
  251 00000022                 EXPORT           SPI1_IRQHandler            [WEA
K]
  252 00000022                 EXPORT           SPI2_IRQHandler            [WEA
K]
  253 00000022                 EXPORT           USART1_IRQHandler          [WEA
K]
  254 00000022                 EXPORT           USART2_IRQHandler          [WEA
K]
  255 00000022                 EXPORT           USART3_IRQHandler          [WEA
K]
  256 00000022                 EXPORT           EXTI15_10_IRQHandler       [WEA
K]
  257 00000022                 EXPORT           RTCAlarm_IRQHandler        [WEA
K]
  258 00000022                 EXPORT           USBWakeUp_IRQHandler       [WEA
K]
  259 00000022                 EXPORT           TIM8_BRK_IRQHandler        [WEA
K]
  260 00000022                 EXPORT           TIM8_UP_IRQHandler         [WEA
K]
  261 00000022                 EXPORT           TIM8_TRG_COM_IRQHandler    [WEA
K]
  262 00000022                 EXPORT           TIM8_CC_IRQHandler         [WEA
K]
  263 00000022                 EXPORT           ADC3_IRQHandler            [WEA
K]
  264 00000022                 EXPORT           FSMC_IRQHandler            [WEA



ARM Macro Assembler    Page 8 


K]
  265 00000022                 EXPORT           SDIO_IRQHandler            [WEA
K]
  266 00000022                 EXPORT           TIM5_IRQHandler            [WEA
K]
  267 00000022                 EXPORT           SPI3_IRQHandler            [WEA
K]
  268 00000022                 EXPORT           UART4_IRQHandler           [WEA
K]
  269 00000022                 EXPORT           UART5_IRQHandler           [WEA
K]
  270 00000022                 EXPORT           TIM6_IRQHandler            [WEA
K]
  271 00000022                 EXPORT           TIM7_IRQHandler            [WEA
K]
  272 00000022                 EXPORT           DMA2_Channel1_IRQHandler   [WEA
K]
  273 00000022                 EXPORT           DMA2_Channel2_IRQHandler   [WEA
K]
  274 00000022                 EXPORT           DMA2_Channel3_IRQHandler   [WEA
K]
  275 00000022                 EXPORT           DMA2_Channel4_5_IRQHandler [WEA
K]
  276 00000022         
  277 00000022         WWDG_IRQHandler
  278 00000022         PVD_IRQHandler
  279 00000022         TAMPER_IRQHandler
  280 00000022         RTC_IRQHandler
  281 00000022         FLASH_IRQHandler
  282 00000022         RCC_IRQHandler
  283 00000022         EXTI0_IRQHandler
  284 00000022         EXTI1_IRQHandler
  285 00000022         EXTI2_IRQHandler
  286 00000022         EXTI3_IRQHandler
  287 00000022         EXTI4_IRQHandler
  288 00000022         DMA1_Channel1_IRQHandler
  289 00000022         DMA1_Channel2_IRQHandler
  290 00000022         DMA1_Channel3_IRQHandler
  291 00000022         DMA1_Channel4_IRQHandler
  292 00000022         DMA1_Channel5_IRQHandler
  293 00000022         DMA1_Channel6_IRQHandler
  294 00000022         DMA1_Channel7_IRQHandler
  295 00000022         ADC1_2_IRQHandler
  296 00000022         USB_HP_CAN1_TX_IRQHandler
  297 00000022         USB_LP_CAN1_RX0_IRQHandler
  298 00000022         CAN1_RX1_IRQHandler
  299 00000022         CAN1_SCE_IRQHandler
  300 00000022         EXTI9_5_IRQHandler
  301 00000022         TIM1_BRK_IRQHandler
  302 00000022         TIM1_UP_IRQHandler
  303 00000022         TIM1_TRG_COM_IRQHandler
  304 00000022         TIM1_CC_IRQHandler
  305 00000022         TIM2_IRQHandler
  306 00000022         TIM3_IRQHandler
  307 00000022         TIM4_IRQHandler
  308 00000022         I2C1_EV_IRQHandler
  309 00000022         I2C1_ER_IRQHandler
  310 00000022         I2C2_EV_IRQHandler
  311 00000022         I2C2_ER_IRQHandler



ARM Macro Assembler    Page 9 


  312 00000022         SPI1_IRQHandler
  313 00000022         SPI2_IRQHandler
  314 00000022         USART1_IRQHandler
  315 00000022         USART2_IRQHandler
  316 00000022         USART3_IRQHandler
  317 00000022         EXTI15_10_IRQHandler
  318 00000022         RTCAlarm_IRQHandler
  319 00000022         USBWakeUp_IRQHandler
  320 00000022         TIM8_BRK_IRQHandler
  321 00000022         TIM8_UP_IRQHandler
  322 00000022         TIM8_TRG_COM_IRQHandler
  323 00000022         TIM8_CC_IRQHandler
  324 00000022         ADC3_IRQHandler
  325 00000022         FSMC_IRQHandler
  326 00000022         SDIO_IRQHandler
  327 00000022         TIM5_IRQHandler
  328 00000022         SPI3_IRQHandler
  329 00000022         UART4_IRQHandler
  330 00000022         UART5_IRQHandler
  331 00000022         TIM6_IRQHandler
  332 00000022         TIM7_IRQHandler
  333 00000022         DMA2_Channel1_IRQHandler
  334 00000022         DMA2_Channel2_IRQHandler
  335 00000022         DMA2_Channel3_IRQHandler
  336 00000022         DMA2_Channel4_5_IRQHandler
  337 00000022 E7FE            B                .
  338 00000024         
  339 00000024                 ENDP
  340 00000024         
  341 00000024                 ALIGN
  342 00000024         
  343 00000024         ;*******************************************************
                       ************************
  344 00000024         ; User Stack and Heap initialization
  345 00000024         ;*******************************************************
                       ************************
  346 00000024                 IF               :DEF:__MICROLIB
  353 00000024         
  354 00000024                 IMPORT           __use_two_region_memory
  355 00000024                 EXPORT           __user_initial_stackheap
  356 00000024         
  357 00000024         __user_initial_stackheap
  358 00000024         
  359 00000024 4805            LDR              R0, =  Heap_Mem
  360 00000026 4906            LDR              R1, =(Stack_Mem + Stack_Size)
  361 00000028 4A06            LDR              R2, = (Heap_Mem +  Heap_Size)
  362 0000002A 4B07            LDR              R3, = Stack_Mem
  363 0000002C 4770            BX               LR
  364 0000002E         
  365 0000002E 00 00           ALIGN
  366 00000030         
  367 00000030                 ENDIF
  368 00000030         
  369 00000030                 END
              00000000 
              00000000 
              00000000 
              00000000 
              00001000 



ARM Macro Assembler    Page 10 


              00000600 
              00000000 
Command Line: --debug --xref --cpu=Cortex-M3 --apcs=interwork --depend=.\temp\s
tartup_stm32f10x_hd.d -o.\temp\startup_stm32f10x_hd.o -ID:\ProgramFiles\Keil_v5
\ARM\RV31\INC -ID:\ProgramFiles\Keil_v5\ARM\PACK\ARM\CMSIS\3.20.4\CMSIS\Include
 -ID:\ProgramFiles\Keil_v5\ARM\PACK\Keil\STM32F1xx_DFP\1.0.4\Device\Include --l
ist=.\startup_stm32f10x_hd.lst ..\system\startup\startup_stm32f10x_hd.s



ARM Macro Assembler    Page 1 Alphabetic symbol ordering
Relocatable symbols

STACK 00000000

Symbol: STACK
   Definitions
      At line 36 in file ..\system\startup\startup_stm32f10x_hd.s
   Uses
      None
Comment: STACK unused
Stack_Mem 00000000

Symbol: Stack_Mem
   Definitions
      At line 37 in file ..\system\startup\startup_stm32f10x_hd.s
   Uses
      At line 360 in file ..\system\startup\startup_stm32f10x_hd.s
      At line 362 in file ..\system\startup\startup_stm32f10x_hd.s

__initial_sp 00001000

Symbol: __initial_sp
   Definitions
      At line 38 in file ..\system\startup\startup_stm32f10x_hd.s
   Uses
      At line 163 in file ..\system\startup\startup_stm32f10x_hd.s
Comment: __initial_sp used once
3 symbols



ARM Macro Assembler    Page 1 Alphabetic symbol ordering
Relocatable symbols

HEAP 00000000

Symbol: HEAP
   Definitions
      At line 49 in file ..\system\startup\startup_stm32f10x_hd.s
   Uses
      None
Comment: HEAP unused
Heap_Mem 00000000

Symbol: Heap_Mem
   Definitions
      At line 52 in file ..\system\startup\startup_stm32f10x_hd.s
   Uses
      At line 359 in file ..\system\startup\startup_stm32f10x_hd.s
      At line 361 in file ..\system\startup\startup_stm32f10x_hd.s

__heap_base 00000000

Symbol: __heap_base
   Definitions
      At line 50 in file ..\system\startup\startup_stm32f10x_hd.s
   Uses
      None
Comment: __heap_base unused
__heap_limit 00000600

Symbol: __heap_limit
   Definitions
      At line 53 in file ..\system\startup\startup_stm32f10x_hd.s
   Uses
      None
Comment: __heap_limit unused
4 symbols



ARM Macro Assembler    Page 1 Alphabetic symbol ordering
Relocatable symbols

RESET 00000000

Symbol: RESET
   Definitions
      At line 60 in file ..\system\startup\startup_stm32f10x_hd.s
   Uses
      None
Comment: RESET unused
__Vectors 00000000

Symbol: __Vectors
   Definitions
      At line 65 in file ..\system\startup\startup_stm32f10x_hd.s
   Uses
      At line 61 in file ..\system\startup\startup_stm32f10x_hd.s
      At line 145 in file ..\system\startup\startup_stm32f10x_hd.s

__Vectors_End 00000130

Symbol: __Vectors_End
   Definitions
      At line 143 in file ..\system\startup\startup_stm32f10x_hd.s
   Uses
      At line 62 in file ..\system\startup\startup_stm32f10x_hd.s
      At line 145 in file ..\system\startup\startup_stm32f10x_hd.s

3 symbols



ARM Macro Assembler    Page 1 Alphabetic symbol ordering
Relocatable symbols

.text 00000000

Symbol: .text
   Definitions
      At line 147 in file ..\system\startup\startup_stm32f10x_hd.s
   Uses
      None
Comment: .text unused
ADC1_2_IRQHandler 00000022

Symbol: ADC1_2_IRQHandler
   Definitions
      At line 295 in file ..\system\startup\startup_stm32f10x_hd.s
   Uses
      At line 101 in file ..\system\startup\startup_stm32f10x_hd.s
      At line 234 in file ..\system\startup\startup_stm32f10x_hd.s

ADC3_IRQHandler 00000022

Symbol: ADC3_IRQHandler
   Definitions
      At line 324 in file ..\system\startup\startup_stm32f10x_hd.s
   Uses
      At line 130 in file ..\system\startup\startup_stm32f10x_hd.s
      At line 263 in file ..\system\startup\startup_stm32f10x_hd.s

BusFault_Handler 00000016

Symbol: BusFault_Handler
   Definitions
      At line 187 in file ..\system\startup\startup_stm32f10x_hd.s
   Uses
      At line 70 in file ..\system\startup\startup_stm32f10x_hd.s
      At line 188 in file ..\system\startup\startup_stm32f10x_hd.s

CAN1_RX1_IRQHandler 00000022

Symbol: CAN1_RX1_IRQHandler
   Definitions
      At line 298 in file ..\system\startup\startup_stm32f10x_hd.s
   Uses
      At line 104 in file ..\system\startup\startup_stm32f10x_hd.s
      At line 237 in file ..\system\startup\startup_stm32f10x_hd.s

CAN1_SCE_IRQHandler 00000022

Symbol: CAN1_SCE_IRQHandler
   Definitions
      At line 299 in file ..\system\startup\startup_stm32f10x_hd.s
   Uses
      At line 105 in file ..\system\startup\startup_stm32f10x_hd.s
      At line 238 in file ..\system\startup\startup_stm32f10x_hd.s

DMA1_Channel1_IRQHandler 00000022

Symbol: DMA1_Channel1_IRQHandler
   Definitions
      At line 288 in file ..\system\startup\startup_stm32f10x_hd.s
   Uses



ARM Macro Assembler    Page 2 Alphabetic symbol ordering
Relocatable symbols

      At line 94 in file ..\system\startup\startup_stm32f10x_hd.s
      At line 227 in file ..\system\startup\startup_stm32f10x_hd.s

DMA1_Channel2_IRQHandler 00000022

Symbol: DMA1_Channel2_IRQHandler
   Definitions
      At line 289 in file ..\system\startup\startup_stm32f10x_hd.s
   Uses
      At line 95 in file ..\system\startup\startup_stm32f10x_hd.s
      At line 228 in file ..\system\startup\startup_stm32f10x_hd.s

DMA1_Channel3_IRQHandler 00000022

Symbol: DMA1_Channel3_IRQHandler
   Definitions
      At line 290 in file ..\system\startup\startup_stm32f10x_hd.s
   Uses
      At line 96 in file ..\system\startup\startup_stm32f10x_hd.s
      At line 229 in file ..\system\startup\startup_stm32f10x_hd.s

DMA1_Channel4_IRQHandler 00000022

Symbol: DMA1_Channel4_IRQHandler
   Definitions
      At line 291 in file ..\system\startup\startup_stm32f10x_hd.s
   Uses
      At line 97 in file ..\system\startup\startup_stm32f10x_hd.s
      At line 230 in file ..\system\startup\startup_stm32f10x_hd.s

DMA1_Channel5_IRQHandler 00000022

Symbol: DMA1_Channel5_IRQHandler
   Definitions
      At line 292 in file ..\system\startup\startup_stm32f10x_hd.s
   Uses
      At line 98 in file ..\system\startup\startup_stm32f10x_hd.s
      At line 231 in file ..\system\startup\startup_stm32f10x_hd.s

DMA1_Channel6_IRQHandler 00000022

Symbol: DMA1_Channel6_IRQHandler
   Definitions
      At line 293 in file ..\system\startup\startup_stm32f10x_hd.s
   Uses
      At line 99 in file ..\system\startup\startup_stm32f10x_hd.s
      At line 232 in file ..\system\startup\startup_stm32f10x_hd.s

DMA1_Channel7_IRQHandler 00000022

Symbol: DMA1_Channel7_IRQHandler
   Definitions
      At line 294 in file ..\system\startup\startup_stm32f10x_hd.s
   Uses
      At line 100 in file ..\system\startup\startup_stm32f10x_hd.s
      At line 233 in file ..\system\startup\startup_stm32f10x_hd.s

DMA2_Channel1_IRQHandler 00000022




ARM Macro Assembler    Page 3 Alphabetic symbol ordering
Relocatable symbols

Symbol: DMA2_Channel1_IRQHandler
   Definitions
      At line 333 in file ..\system\startup\startup_stm32f10x_hd.s
   Uses
      At line 139 in file ..\system\startup\startup_stm32f10x_hd.s
      At line 272 in file ..\system\startup\startup_stm32f10x_hd.s

DMA2_Channel2_IRQHandler 00000022

Symbol: DMA2_Channel2_IRQHandler
   Definitions
      At line 334 in file ..\system\startup\startup_stm32f10x_hd.s
   Uses
      At line 140 in file ..\system\startup\startup_stm32f10x_hd.s
      At line 273 in file ..\system\startup\startup_stm32f10x_hd.s

DMA2_Channel3_IRQHandler 00000022

Symbol: DMA2_Channel3_IRQHandler
   Definitions
      At line 335 in file ..\system\startup\startup_stm32f10x_hd.s
   Uses
      At line 141 in file ..\system\startup\startup_stm32f10x_hd.s
      At line 274 in file ..\system\startup\startup_stm32f10x_hd.s

DMA2_Channel4_5_IRQHandler 00000022

Symbol: DMA2_Channel4_5_IRQHandler
   Definitions
      At line 336 in file ..\system\startup\startup_stm32f10x_hd.s
   Uses
      At line 142 in file ..\system\startup\startup_stm32f10x_hd.s
      At line 275 in file ..\system\startup\startup_stm32f10x_hd.s

DebugMon_Handler 0000001C

Symbol: DebugMon_Handler
   Definitions
      At line 201 in file ..\system\startup\startup_stm32f10x_hd.s
   Uses
      At line 77 in file ..\system\startup\startup_stm32f10x_hd.s
      At line 202 in file ..\system\startup\startup_stm32f10x_hd.s

Default_Handler 00000022

Symbol: Default_Handler
   Definitions
      At line 214 in file ..\system\startup\startup_stm32f10x_hd.s
   Uses
      None
Comment: Default_Handler unused
EXTI0_IRQHandler 00000022

Symbol: EXTI0_IRQHandler
   Definitions
      At line 283 in file ..\system\startup\startup_stm32f10x_hd.s
   Uses
      At line 89 in file ..\system\startup\startup_stm32f10x_hd.s
      At line 222 in file ..\system\startup\startup_stm32f10x_hd.s



ARM Macro Assembler    Page 4 Alphabetic symbol ordering
Relocatable symbols


EXTI15_10_IRQHandler 00000022

Symbol: EXTI15_10_IRQHandler
   Definitions
      At line 317 in file ..\system\startup\startup_stm32f10x_hd.s
   Uses
      At line 123 in file ..\system\startup\startup_stm32f10x_hd.s
      At line 256 in file ..\system\startup\startup_stm32f10x_hd.s

EXTI1_IRQHandler 00000022

Symbol: EXTI1_IRQHandler
   Definitions
      At line 284 in file ..\system\startup\startup_stm32f10x_hd.s
   Uses
      At line 90 in file ..\system\startup\startup_stm32f10x_hd.s
      At line 223 in file ..\system\startup\startup_stm32f10x_hd.s

EXTI2_IRQHandler 00000022

Symbol: EXTI2_IRQHandler
   Definitions
      At line 285 in file ..\system\startup\startup_stm32f10x_hd.s
   Uses
      At line 91 in file ..\system\startup\startup_stm32f10x_hd.s
      At line 224 in file ..\system\startup\startup_stm32f10x_hd.s

EXTI3_IRQHandler 00000022

Symbol: EXTI3_IRQHandler
   Definitions
      At line 286 in file ..\system\startup\startup_stm32f10x_hd.s
   Uses
      At line 92 in file ..\system\startup\startup_stm32f10x_hd.s
      At line 225 in file ..\system\startup\startup_stm32f10x_hd.s

EXTI4_IRQHandler 00000022

Symbol: EXTI4_IRQHandler
   Definitions
      At line 287 in file ..\system\startup\startup_stm32f10x_hd.s
   Uses
      At line 93 in file ..\system\startup\startup_stm32f10x_hd.s
      At line 226 in file ..\system\startup\startup_stm32f10x_hd.s

EXTI9_5_IRQHandler 00000022

Symbol: EXTI9_5_IRQHandler
   Definitions
      At line 300 in file ..\system\startup\startup_stm32f10x_hd.s
   Uses
      At line 106 in file ..\system\startup\startup_stm32f10x_hd.s
      At line 239 in file ..\system\startup\startup_stm32f10x_hd.s

FLASH_IRQHandler 00000022

Symbol: FLASH_IRQHandler
   Definitions



ARM Macro Assembler    Page 5 Alphabetic symbol ordering
Relocatable symbols

      At line 281 in file ..\system\startup\startup_stm32f10x_hd.s
   Uses
      At line 87 in file ..\system\startup\startup_stm32f10x_hd.s
      At line 220 in file ..\system\startup\startup_stm32f10x_hd.s

FSMC_IRQHandler 00000022

Symbol: FSMC_IRQHandler
   Definitions
      At line 325 in file ..\system\startup\startup_stm32f10x_hd.s
   Uses
      At line 131 in file ..\system\startup\startup_stm32f10x_hd.s
      At line 264 in file ..\system\startup\startup_stm32f10x_hd.s

HardFault_Handler 00000012

Symbol: HardFault_Handler
   Definitions
      At line 177 in file ..\system\startup\startup_stm32f10x_hd.s
   Uses
      At line 68 in file ..\system\startup\startup_stm32f10x_hd.s
      At line 178 in file ..\system\startup\startup_stm32f10x_hd.s

I2C1_ER_IRQHandler 00000022

Symbol: I2C1_ER_IRQHandler
   Definitions
      At line 309 in file ..\system\startup\startup_stm32f10x_hd.s
   Uses
      At line 115 in file ..\system\startup\startup_stm32f10x_hd.s
      At line 248 in file ..\system\startup\startup_stm32f10x_hd.s

I2C1_EV_IRQHandler 00000022

Symbol: I2C1_EV_IRQHandler
   Definitions
      At line 308 in file ..\system\startup\startup_stm32f10x_hd.s
   Uses
      At line 114 in file ..\system\startup\startup_stm32f10x_hd.s
      At line 247 in file ..\system\startup\startup_stm32f10x_hd.s

I2C2_ER_IRQHandler 00000022

Symbol: I2C2_ER_IRQHandler
   Definitions
      At line 311 in file ..\system\startup\startup_stm32f10x_hd.s
   Uses
      At line 117 in file ..\system\startup\startup_stm32f10x_hd.s
      At line 250 in file ..\system\startup\startup_stm32f10x_hd.s

I2C2_EV_IRQHandler 00000022

Symbol: I2C2_EV_IRQHandler
   Definitions
      At line 310 in file ..\system\startup\startup_stm32f10x_hd.s
   Uses
      At line 116 in file ..\system\startup\startup_stm32f10x_hd.s
      At line 249 in file ..\system\startup\startup_stm32f10x_hd.s




ARM Macro Assembler    Page 6 Alphabetic symbol ordering
Relocatable symbols

MemManage_Handler 00000014

Symbol: MemManage_Handler
   Definitions
      At line 182 in file ..\system\startup\startup_stm32f10x_hd.s
   Uses
      At line 69 in file ..\system\startup\startup_stm32f10x_hd.s
      At line 183 in file ..\system\startup\startup_stm32f10x_hd.s

NMI_Handler 00000010

Symbol: NMI_Handler
   Definitions
      At line 172 in file ..\system\startup\startup_stm32f10x_hd.s
   Uses
      At line 67 in file ..\system\startup\startup_stm32f10x_hd.s
      At line 173 in file ..\system\startup\startup_stm32f10x_hd.s

PVD_IRQHandler 00000022

Symbol: PVD_IRQHandler
   Definitions
      At line 278 in file ..\system\startup\startup_stm32f10x_hd.s
   Uses
      At line 84 in file ..\system\startup\startup_stm32f10x_hd.s
      At line 217 in file ..\system\startup\startup_stm32f10x_hd.s

PendSV_Handler 0000001E

Symbol: PendSV_Handler
   Definitions
      At line 205 in file ..\system\startup\startup_stm32f10x_hd.s
   Uses
      At line 79 in file ..\system\startup\startup_stm32f10x_hd.s
      At line 206 in file ..\system\startup\startup_stm32f10x_hd.s

RCC_IRQHandler 00000022

Symbol: RCC_IRQHandler
   Definitions
      At line 282 in file ..\system\startup\startup_stm32f10x_hd.s
   Uses
      At line 88 in file ..\system\startup\startup_stm32f10x_hd.s
      At line 221 in file ..\system\startup\startup_stm32f10x_hd.s

RTCAlarm_IRQHandler 00000022

Symbol: RTCAlarm_IRQHandler
   Definitions
      At line 318 in file ..\system\startup\startup_stm32f10x_hd.s
   Uses
      At line 124 in file ..\system\startup\startup_stm32f10x_hd.s
      At line 257 in file ..\system\startup\startup_stm32f10x_hd.s

RTC_IRQHandler 00000022

Symbol: RTC_IRQHandler
   Definitions
      At line 280 in file ..\system\startup\startup_stm32f10x_hd.s



ARM Macro Assembler    Page 7 Alphabetic symbol ordering
Relocatable symbols

   Uses
      At line 86 in file ..\system\startup\startup_stm32f10x_hd.s
      At line 219 in file ..\system\startup\startup_stm32f10x_hd.s

Reset_Handler 00000002

Symbol: Reset_Handler
   Definitions
      At line 156 in file ..\system\startup\startup_stm32f10x_hd.s
   Uses
      At line 66 in file ..\system\startup\startup_stm32f10x_hd.s
      At line 157 in file ..\system\startup\startup_stm32f10x_hd.s

SDIO_IRQHandler 00000022

Symbol: SDIO_IRQHandler
   Definitions
      At line 326 in file ..\system\startup\startup_stm32f10x_hd.s
   Uses
      At line 132 in file ..\system\startup\startup_stm32f10x_hd.s
      At line 265 in file ..\system\startup\startup_stm32f10x_hd.s

SPI1_IRQHandler 00000022

Symbol: SPI1_IRQHandler
   Definitions
      At line 312 in file ..\system\startup\startup_stm32f10x_hd.s
   Uses
      At line 118 in file ..\system\startup\startup_stm32f10x_hd.s
      At line 251 in file ..\system\startup\startup_stm32f10x_hd.s

SPI2_IRQHandler 00000022

Symbol: SPI2_IRQHandler
   Definitions
      At line 313 in file ..\system\startup\startup_stm32f10x_hd.s
   Uses
      At line 119 in file ..\system\startup\startup_stm32f10x_hd.s
      At line 252 in file ..\system\startup\startup_stm32f10x_hd.s

SPI3_IRQHandler 00000022

Symbol: SPI3_IRQHandler
   Definitions
      At line 328 in file ..\system\startup\startup_stm32f10x_hd.s
   Uses
      At line 134 in file ..\system\startup\startup_stm32f10x_hd.s
      At line 267 in file ..\system\startup\startup_stm32f10x_hd.s

SVC_Handler 0000001A

Symbol: SVC_Handler
   Definitions
      At line 196 in file ..\system\startup\startup_stm32f10x_hd.s
   Uses
      At line 76 in file ..\system\startup\startup_stm32f10x_hd.s
      At line 197 in file ..\system\startup\startup_stm32f10x_hd.s

SysTick_Handler 00000020



ARM Macro Assembler    Page 8 Alphabetic symbol ordering
Relocatable symbols


Symbol: SysTick_Handler
   Definitions
      At line 209 in file ..\system\startup\startup_stm32f10x_hd.s
   Uses
      At line 80 in file ..\system\startup\startup_stm32f10x_hd.s
      At line 210 in file ..\system\startup\startup_stm32f10x_hd.s

SystemInit_ExtMemCtl 00000000

Symbol: SystemInit_ExtMemCtl
   Definitions
      At line 150 in file ..\system\startup\startup_stm32f10x_hd.s
   Uses
      At line 151 in file ..\system\startup\startup_stm32f10x_hd.s
      At line 160 in file ..\system\startup\startup_stm32f10x_hd.s

TAMPER_IRQHandler 00000022

Symbol: TAMPER_IRQHandler
   Definitions
      At line 279 in file ..\system\startup\startup_stm32f10x_hd.s
   Uses
      At line 85 in file ..\system\startup\startup_stm32f10x_hd.s
      At line 218 in file ..\system\startup\startup_stm32f10x_hd.s

TIM1_BRK_IRQHandler 00000022

Symbol: TIM1_BRK_IRQHandler
   Definitions
      At line 301 in file ..\system\startup\startup_stm32f10x_hd.s
   Uses
      At line 107 in file ..\system\startup\startup_stm32f10x_hd.s
      At line 240 in file ..\system\startup\startup_stm32f10x_hd.s

TIM1_CC_IRQHandler 00000022

Symbol: TIM1_CC_IRQHandler
   Definitions
      At line 304 in file ..\system\startup\startup_stm32f10x_hd.s
   Uses
      At line 110 in file ..\system\startup\startup_stm32f10x_hd.s
      At line 243 in file ..\system\startup\startup_stm32f10x_hd.s

TIM1_TRG_COM_IRQHandler 00000022

Symbol: TIM1_TRG_COM_IRQHandler
   Definitions
      At line 303 in file ..\system\startup\startup_stm32f10x_hd.s
   Uses
      At line 109 in file ..\system\startup\startup_stm32f10x_hd.s
      At line 242 in file ..\system\startup\startup_stm32f10x_hd.s

TIM1_UP_IRQHandler 00000022

Symbol: TIM1_UP_IRQHandler
   Definitions
      At line 302 in file ..\system\startup\startup_stm32f10x_hd.s
   Uses



ARM Macro Assembler    Page 9 Alphabetic symbol ordering
Relocatable symbols

      At line 108 in file ..\system\startup\startup_stm32f10x_hd.s
      At line 241 in file ..\system\startup\startup_stm32f10x_hd.s

TIM2_IRQHandler 00000022

Symbol: TIM2_IRQHandler
   Definitions
      At line 305 in file ..\system\startup\startup_stm32f10x_hd.s
   Uses
      At line 111 in file ..\system\startup\startup_stm32f10x_hd.s
      At line 244 in file ..\system\startup\startup_stm32f10x_hd.s

TIM3_IRQHandler 00000022

Symbol: TIM3_IRQHandler
   Definitions
      At line 306 in file ..\system\startup\startup_stm32f10x_hd.s
   Uses
      At line 112 in file ..\system\startup\startup_stm32f10x_hd.s
      At line 245 in file ..\system\startup\startup_stm32f10x_hd.s

TIM4_IRQHandler 00000022

Symbol: TIM4_IRQHandler
   Definitions
      At line 307 in file ..\system\startup\startup_stm32f10x_hd.s
   Uses
      At line 113 in file ..\system\startup\startup_stm32f10x_hd.s
      At line 246 in file ..\system\startup\startup_stm32f10x_hd.s

TIM5_IRQHandler 00000022

Symbol: TIM5_IRQHandler
   Definitions
      At line 327 in file ..\system\startup\startup_stm32f10x_hd.s
   Uses
      At line 133 in file ..\system\startup\startup_stm32f10x_hd.s
      At line 266 in file ..\system\startup\startup_stm32f10x_hd.s

TIM6_IRQHandler 00000022

Symbol: TIM6_IRQHandler
   Definitions
      At line 331 in file ..\system\startup\startup_stm32f10x_hd.s
   Uses
      At line 137 in file ..\system\startup\startup_stm32f10x_hd.s
      At line 270 in file ..\system\startup\startup_stm32f10x_hd.s

TIM7_IRQHandler 00000022

Symbol: TIM7_IRQHandler
   Definitions
      At line 332 in file ..\system\startup\startup_stm32f10x_hd.s
   Uses
      At line 138 in file ..\system\startup\startup_stm32f10x_hd.s
      At line 271 in file ..\system\startup\startup_stm32f10x_hd.s

TIM8_BRK_IRQHandler 00000022




ARM Macro Assembler    Page 10 Alphabetic symbol ordering
Relocatable symbols

Symbol: TIM8_BRK_IRQHandler
   Definitions
      At line 320 in file ..\system\startup\startup_stm32f10x_hd.s
   Uses
      At line 126 in file ..\system\startup\startup_stm32f10x_hd.s
      At line 259 in file ..\system\startup\startup_stm32f10x_hd.s

TIM8_CC_IRQHandler 00000022

Symbol: TIM8_CC_IRQHandler
   Definitions
      At line 323 in file ..\system\startup\startup_stm32f10x_hd.s
   Uses
      At line 129 in file ..\system\startup\startup_stm32f10x_hd.s
      At line 262 in file ..\system\startup\startup_stm32f10x_hd.s

TIM8_TRG_COM_IRQHandler 00000022

Symbol: TIM8_TRG_COM_IRQHandler
   Definitions
      At line 322 in file ..\system\startup\startup_stm32f10x_hd.s
   Uses
      At line 128 in file ..\system\startup\startup_stm32f10x_hd.s
      At line 261 in file ..\system\startup\startup_stm32f10x_hd.s

TIM8_UP_IRQHandler 00000022

Symbol: TIM8_UP_IRQHandler
   Definitions
      At line 321 in file ..\system\startup\startup_stm32f10x_hd.s
   Uses
      At line 127 in file ..\system\startup\startup_stm32f10x_hd.s
      At line 260 in file ..\system\startup\startup_stm32f10x_hd.s

UART4_IRQHandler 00000022

Symbol: UART4_IRQHandler
   Definitions
      At line 329 in file ..\system\startup\startup_stm32f10x_hd.s
   Uses
      At line 135 in file ..\system\startup\startup_stm32f10x_hd.s
      At line 268 in file ..\system\startup\startup_stm32f10x_hd.s

UART5_IRQHandler 00000022

Symbol: UART5_IRQHandler
   Definitions
      At line 330 in file ..\system\startup\startup_stm32f10x_hd.s
   Uses
      At line 136 in file ..\system\startup\startup_stm32f10x_hd.s
      At line 269 in file ..\system\startup\startup_stm32f10x_hd.s

USART1_IRQHandler 00000022

Symbol: USART1_IRQHandler
   Definitions
      At line 314 in file ..\system\startup\startup_stm32f10x_hd.s
   Uses
      At line 120 in file ..\system\startup\startup_stm32f10x_hd.s



ARM Macro Assembler    Page 11 Alphabetic symbol ordering
Relocatable symbols

      At line 253 in file ..\system\startup\startup_stm32f10x_hd.s

USART2_IRQHandler 00000022

Symbol: USART2_IRQHandler
   Definitions
      At line 315 in file ..\system\startup\startup_stm32f10x_hd.s
   Uses
      At line 121 in file ..\system\startup\startup_stm32f10x_hd.s
      At line 254 in file ..\system\startup\startup_stm32f10x_hd.s

USART3_IRQHandler 00000022

Symbol: USART3_IRQHandler
   Definitions
      At line 316 in file ..\system\startup\startup_stm32f10x_hd.s
   Uses
      At line 122 in file ..\system\startup\startup_stm32f10x_hd.s
      At line 255 in file ..\system\startup\startup_stm32f10x_hd.s

USBWakeUp_IRQHandler 00000022

Symbol: USBWakeUp_IRQHandler
   Definitions
      At line 319 in file ..\system\startup\startup_stm32f10x_hd.s
   Uses
      At line 125 in file ..\system\startup\startup_stm32f10x_hd.s
      At line 258 in file ..\system\startup\startup_stm32f10x_hd.s

USB_HP_CAN1_TX_IRQHandler 00000022

Symbol: USB_HP_CAN1_TX_IRQHandler
   Definitions
      At line 296 in file ..\system\startup\startup_stm32f10x_hd.s
   Uses
      At line 102 in file ..\system\startup\startup_stm32f10x_hd.s
      At line 235 in file ..\system\startup\startup_stm32f10x_hd.s

USB_LP_CAN1_RX0_IRQHandler 00000022

Symbol: USB_LP_CAN1_RX0_IRQHandler
   Definitions
      At line 297 in file ..\system\startup\startup_stm32f10x_hd.s
   Uses
      At line 103 in file ..\system\startup\startup_stm32f10x_hd.s
      At line 236 in file ..\system\startup\startup_stm32f10x_hd.s

UsageFault_Handler 00000018

Symbol: UsageFault_Handler
   Definitions
      At line 192 in file ..\system\startup\startup_stm32f10x_hd.s
   Uses
      At line 71 in file ..\system\startup\startup_stm32f10x_hd.s
      At line 193 in file ..\system\startup\startup_stm32f10x_hd.s

WWDG_IRQHandler 00000022

Symbol: WWDG_IRQHandler



ARM Macro Assembler    Page 12 Alphabetic symbol ordering
Relocatable symbols

   Definitions
      At line 277 in file ..\system\startup\startup_stm32f10x_hd.s
   Uses
      At line 83 in file ..\system\startup\startup_stm32f10x_hd.s
      At line 216 in file ..\system\startup\startup_stm32f10x_hd.s

__user_initial_stackheap 00000024

Symbol: __user_initial_stackheap
   Definitions
      At line 357 in file ..\system\startup\startup_stm32f10x_hd.s
   Uses
      At line 355 in file ..\system\startup\startup_stm32f10x_hd.s
Comment: __user_initial_stackheap used once
74 symbols



ARM Macro Assembler    Page 1 Alphabetic symbol ordering
Absolute symbols

Heap_Size 00000600

Symbol: Heap_Size
   Definitions
      At line 47 in file ..\system\startup\startup_stm32f10x_hd.s
   Uses
      At line 52 in file ..\system\startup\startup_stm32f10x_hd.s
      At line 361 in file ..\system\startup\startup_stm32f10x_hd.s

Stack_Size 00001000

Symbol: Stack_Size
   Definitions
      At line 34 in file ..\system\startup\startup_stm32f10x_hd.s
   Uses
      At line 37 in file ..\system\startup\startup_stm32f10x_hd.s
      At line 360 in file ..\system\startup\startup_stm32f10x_hd.s

__Vectors_Size 00000130

Symbol: __Vectors_Size
   Definitions
      At line 145 in file ..\system\startup\startup_stm32f10x_hd.s
   Uses
      At line 63 in file ..\system\startup\startup_stm32f10x_hd.s
Comment: __Vectors_Size used once
__initial_spTop 20000400

Symbol: __initial_spTop
   Definitions
      At line 40 in file ..\system\startup\startup_stm32f10x_hd.s
   Uses
      At line 65 in file ..\system\startup\startup_stm32f10x_hd.s
Comment: __initial_spTop used once
4 symbols



ARM Macro Assembler    Page 1 Alphabetic symbol ordering
External symbols

__main 00000000

Symbol: __main
   Definitions
      At line 158 in file ..\system\startup\startup_stm32f10x_hd.s
   Uses
      At line 166 in file ..\system\startup\startup_stm32f10x_hd.s
Comment: __main used once
__use_two_region_memory 00000000

Symbol: __use_two_region_memory
   Definitions
      At line 354 in file ..\system\startup\startup_stm32f10x_hd.s
   Uses
      None
Comment: __use_two_region_memory unused
2 symbols
424 symbols in table
